15:45:56,546  INFO root:20 - getting singleton ...
15:45:56,562  INFO root:22 - got singleton ...com.manpreet.javageek.pattern.ClassicSingleton@166a22b
15:45:56,562  INFO root:23 - getting singleton ...
15:45:56,562  INFO root:25 - got singleton ...com.manpreet.javageek.pattern.ClassicSingleton@120cc56
15:45:56,562  INFO root:29 - checking singletons for equality
16:32:27,218  INFO root:20 - getting singleton ...
16:32:38,140  INFO root:22 - got singleton ...com.manpreet.javageek.pattern.ClassicSingleton@491c4c
16:32:38,875  INFO root:23 - getting singleton ...
16:32:48,343  INFO root:25 - got singleton ...com.manpreet.javageek.pattern.ClassicSingleton@609959
16:34:56,187  INFO root:20 - getting singleton ...
16:35:00,140  INFO root:22 - got singleton ...com.manpreet.javageek.pattern.ClassicSingleton@1060478
16:35:00,843  INFO root:23 - getting singleton ...
16:35:36,296  INFO root:20 - getting singleton ...
16:35:36,312  INFO root:22 - got singleton ...com.manpreet.javageek.pattern.ClassicSingleton@a46701
16:35:36,312  INFO root:23 - getting singleton ...
16:35:36,312  INFO root:25 - got singleton ...com.manpreet.javageek.pattern.ClassicSingleton@166a22b
16:35:36,312  INFO root:29 - checking singletons for equality
16:43:40,593  INFO root:20 - getting singleton ...
16:43:40,609  INFO root:22 - got singleton ...com.manpreet.javageek.pattern.ClassicSingleton@166a22b
16:43:40,609  INFO root:23 - getting singleton ...
16:43:40,609  INFO root:25 - got singleton ...com.manpreet.javageek.pattern.ClassicSingleton@166a22b
16:43:40,609  INFO root:29 - checking singletons for equality
19:34:12,312  INFO root:37 - first thread goes to sleep ...
19:40:32,953  INFO root:37 - first thread goes to sleep ...
12:27:54,828  INFO root:28 - getting singleton ...
12:27:54,828  INFO root:30 - got singleton ...com.manpreet.javageek.pattern.ClassicSingleton@120cc56
12:27:54,828  INFO root:31 - getting singleton ...
12:27:54,828  INFO root:33 - got singleton ...com.manpreet.javageek.pattern.ClassicSingleton@120cc56
12:27:54,828  INFO root:37 - checking singletons for equality
13:52:02,281  INFO root:28 - getting singleton ...
16:43:26,921  INFO root:28 - getting singleton ...
16:43:26,937  INFO root:33 - got singleton ...com.manpreet.javageek.pattern.ClassicSingleton@1aa57fb
16:43:26,937  INFO root:34 - getting singleton ...
16:43:26,937  INFO root:39 - got singleton ...com.manpreet.javageek.pattern.ClassicSingleton@1aa57fb
16:43:26,937  INFO root:43 - checking singletons for equality
16:44:36,796  INFO root:28 - getting singleton ...
16:44:36,812  INFO root:33 - got singleton ...com.manpreet.javageek.pattern.ClassicSingleton@1aa57fb
16:44:36,812  INFO root:34 - getting singleton ...
16:44:36,812  INFO root:39 - got singleton ...com.manpreet.javageek.pattern.ClassicSingleton@1aa57fb
16:44:36,812  INFO root:43 - checking singletons for equality
16:57:31,359  INFO root:29 - getting singleton ...
16:57:31,359  INFO root:33 - got singleton ...com.manpreet.javageek.pattern.ClassicSingleton@a46701
16:57:31,359  INFO root:34 - getting singleton ...
16:57:31,359  INFO root:38 - got singleton ...com.manpreet.javageek.pattern.ClassicSingleton@a46701
16:57:31,359  INFO root:42 - checking singletons for equality
16:57:35,640  INFO root:29 - getting singleton ...
16:57:35,640  INFO root:33 - got singleton ...com.manpreet.javageek.pattern.ClassicSingleton@166a22b
16:57:35,640  INFO root:34 - getting singleton ...
16:57:35,640  INFO root:38 - got singleton ...com.manpreet.javageek.pattern.ClassicSingleton@166a22b
16:57:35,640  INFO root:42 - checking singletons for equality
16:58:11,953  INFO root:29 - getting singleton ...
16:58:11,953  INFO root:33 - got singleton ...com.manpreet.javageek.pattern.ClassicSingleton@166a22b
16:58:11,953  INFO root:34 - getting singleton ...
16:58:11,953  INFO root:38 - got singleton ...com.manpreet.javageek.pattern.ClassicSingleton@166a22b
16:58:11,953  INFO root:42 - checking singletons for equality
16:58:13,546  INFO root:29 - getting singleton ...
16:58:13,562  INFO root:33 - got singleton ...com.manpreet.javageek.pattern.ClassicSingleton@120cc56
16:58:13,562  INFO root:34 - getting singleton ...
16:58:13,562  INFO root:38 - got singleton ...com.manpreet.javageek.pattern.ClassicSingleton@120cc56
16:58:13,562  INFO root:42 - checking singletons for equality
17:59:30,625  INFO root:32 - in serializable test ...
17:59:30,640  INFO root:70 - in test Equality ...
18:02:37,734  INFO root:41 - in serializable test ...
18:02:37,750  INFO root:79 - in test Equality ...
14:14:30,671  INFO root:41 - Result is: X
00:14:07,750  INFO root:32 - cancelpblpoDtl.txt
00:14:07,781  INFO root:33 - D:\Test\cancelpblpoDtl.txt
00:14:07,781  INFO root:32 - cancelpblpoHdr.txt
00:14:07,781  INFO root:33 - D:\Test\cancelpblpoHdr.txt
00:14:07,781  INFO root:32 - cancelpblpo_20110920144659.output.baking
00:14:07,781  INFO root:33 - D:\Test\cancelpblpo_20110920144659.output.baking
00:14:07,781  INFO root:32 - cancelpblpo_20120618155935.output
00:14:07,781  INFO root:33 - D:\Test\cancelpblpo_20120618155935.output
00:19:41,265  INFO root:30 - D:\Test\cancelpblpoDtl.txt
00:19:41,265  INFO root:35 - cancelpblpoDtl.txt
00:19:41,265  INFO root:36 - D:\Test\cancelpblpoDtl.txt
00:19:41,265  INFO root:35 - cancelpblpoHdr.txt
00:19:41,265  INFO root:36 - D:\Test\cancelpblpoHdr.txt
00:19:41,265  INFO root:35 - cancelpblpo_20110920144659.output.baking
00:19:41,265  INFO root:36 - D:\Test\cancelpblpo_20110920144659.output.baking
00:19:41,265  INFO root:35 - cancelpblpo_20120618155935.output
00:19:41,281  INFO root:36 - D:\Test\cancelpblpo_20120618155935.output
00:21:16,578  INFO root:30 - D:\Test\cancelpblpoDtl.txt
00:21:16,578  INFO root:35 - cancelpblpoDtl.txt
00:21:16,578  INFO root:36 - D:\Test\cancelpblpoDtl.txt
00:21:16,578  INFO root:35 - cancelpblpoHdr.txt
00:21:16,578  INFO root:36 - D:\Test\cancelpblpoHdr.txt
00:21:16,578  INFO root:35 - cancelpblpo_20110920144659.output.baking
00:21:16,578  INFO root:36 - D:\Test\cancelpblpo_20110920144659.output.baking
00:21:16,578  INFO root:35 - cancelpblpo_20120618155935.output
00:21:16,578  INFO root:36 - D:\Test\cancelpblpo_20120618155935.output
01:43:12,781  INFO root:57 - 12703
01:43:55,609  INFO root:57 - 14078
02:33:55,656  INFO root:58 - 5438
02:34:12,609  INFO root:58 - 4469
02:35:45,906  INFO root:58 - 13547
03:40:07,578  INFO root:58 - 4625
